<?xml version="1.0" encoding="UTF-8"?>
<!-- Generated by org.testng.reporters.JUnitReportReporter -->
<testsuite hostname="LAPTOP-A6AT5CE0" failures="0" tests="4" name="com.eBanking.Testcases.TC_NewCustomerDDT_003" time="7.997" errors="0" timestamp="2022-02-10T11:09:40 EST" skipped="0">
  <testcase classname="com.eBanking.Testcases.TC_NewCustomerDDT_003" name="NewCustomerDDT" time="1.325"/>
  <system-out/>
  <testcase classname="com.eBanking.Testcases.TC_NewCustomerDDT_003" name="NewCustomerDDT" time="1.571"/>
  <system-out/>
  <testcase classname="com.eBanking.Testcases.TC_NewCustomerDDT_003" name="NewCustomerDDT" time="3.329"/>
  <system-out/>
  <testcase classname="com.eBanking.Testcases.TC_NewCustomerDDT_003" name="NewCustomerDDT" time="1.772"/>
  <system-out/>
</testsuite> <!-- com.eBanking.Testcases.TC_NewCustomerDDT_003 -->
