<?xml version="1.0" encoding="UTF-8"?>
<!-- Generated by org.testng.reporters.JUnitReportReporter -->
<testsuite skipped="0" hostname="LAPTOP-A6AT5CE0" name="com.eBanking.Testcases.TC_NewCustomerDDT_003" tests="4" failures="0" timestamp="2022-02-08T15:30:57 EST" time="7.480" errors="0">
  <testcase name="NewCustomerDDT" time="2.075" classname="com.eBanking.Testcases.TC_NewCustomerDDT_003"/>
  <system-out/>
  <testcase name="NewCustomerDDT" time="2.210" classname="com.eBanking.Testcases.TC_NewCustomerDDT_003"/>
  <system-out/>
  <testcase name="NewCustomerDDT" time="1.459" classname="com.eBanking.Testcases.TC_NewCustomerDDT_003"/>
  <system-out/>
  <testcase name="NewCustomerDDT" time="1.736" classname="com.eBanking.Testcases.TC_NewCustomerDDT_003"/>
  <system-out/>
</testsuite> <!-- com.eBanking.Testcases.TC_NewCustomerDDT_003 -->
