<?xml version="1.0" encoding="UTF-8"?>
<!-- Generated by org.testng.reporters.JUnitReportReporter -->
<testsuite hostname="LAPTOP-A6AT5CE0" failures="0" tests="1" name="com.eBanking.Testcases.TC_LoginTest_001" time="1.242" errors="0" timestamp="2022-02-02T19:55:03 EST" skipped="0">
  <testcase classname="com.eBanking.Testcases.TC_LoginTest_001" name="loginTest" time="1.242"/>
  <system-out/>
</testsuite> <!-- com.eBanking.Testcases.TC_LoginTest_001 -->
