<?xml version="1.0" encoding="UTF-8"?>
<!-- Generated by org.testng.reporters.JUnitReportReporter -->
<testsuite hostname="LAPTOP-A6AT5CE0" failures="0" tests="4" name="com.eBanking.Testcases.TC_NewCustomerDDT_003" time="16.906" errors="0" timestamp="2022-02-02T19:55:03 EST" skipped="0">
  <testcase classname="com.eBanking.Testcases.TC_NewCustomerDDT_003" name="NewCustomerDDT" time="3.467"/>
  <system-out/>
  <testcase classname="com.eBanking.Testcases.TC_NewCustomerDDT_003" name="NewCustomerDDT" time="3.268"/>
  <system-out/>
  <testcase classname="com.eBanking.Testcases.TC_NewCustomerDDT_003" name="NewCustomerDDT" time="4.600"/>
  <system-out/>
  <testcase classname="com.eBanking.Testcases.TC_NewCustomerDDT_003" name="NewCustomerDDT" time="5.571"/>
  <system-out/>
</testsuite> <!-- com.eBanking.Testcases.TC_NewCustomerDDT_003 -->
