<?xml version="1.0" encoding="UTF-8"?>
<!-- Generated by org.testng.reporters.JUnitReportReporter -->
<testsuite hostname="LAPTOP-A6AT5CE0" failures="0" tests="1" name="com.eBanking.Testcases.TC_LoginTest_001" time="0.961" errors="0" timestamp="2022-02-10T11:14:04 EST" skipped="0">
  <testcase classname="com.eBanking.Testcases.TC_LoginTest_001" name="loginTest" time="0.961"/>
  <system-out/>
</testsuite> <!-- com.eBanking.Testcases.TC_LoginTest_001 -->
