<?xml version="1.0" encoding="UTF-8"?>
<!-- Generated by org.testng.reporters.JUnitReportReporter -->
<testsuite skipped="0" hostname="LAPTOP-A6AT5CE0" name="com.eBanking.Testcases.TC_LoginTest_001" tests="1" failures="0" timestamp="2022-02-08T15:30:57 EST" time="1.054" errors="0">
  <testcase name="loginTest" time="1.054" classname="com.eBanking.Testcases.TC_LoginTest_001"/>
  <system-out/>
</testsuite> <!-- com.eBanking.Testcases.TC_LoginTest_001 -->
